[0.165s] DEBUG:colcon:Command line arguments: ['/usr/bin/colcon', 'build', '--symlink-install']
[0.165s] DEBUG:colcon:Parsed command line arguments: Namespace(log_base=None, log_level=None, verb_name='build', build_base='build', install_base='install', merge_install=False, symlink_install=True, test_result_base=None, continue_on_error=False, executor='parallel', parallel_workers=8, event_handlers=None, ignore_user_meta=False, metas=['./colcon.meta'], base_paths=['.'], packages_ignore=None, packages_ignore_regex=None, paths=None, packages_up_to=None, packages_up_to_regex=None, packages_above=None, packages_above_and_dependencies=None, packages_above_depth=None, packages_select_by_dep=None, packages_skip_by_dep=None, packages_skip_up_to=None, packages_select_build_failed=False, packages_skip_build_finished=False, packages_select_test_failures=False, packages_skip_test_passed=False, packages_select=None, packages_skip=None, packages_select_regex=None, packages_skip_regex=None, packages_start=None, packages_end=None, allow_overriding=[], cmake_args=None, cmake_target=None, cmake_target_skip_unavailable=False, cmake_clean_cache=False, cmake_clean_first=False, cmake_force_configure=False, ament_cmake_args=None, catkin_cmake_args=None, catkin_skip_building_tests=False, mixin_files=None, mixin=None, verb_parser=<colcon_mixin.mixin.mixin_argument.MixinArgumentDecorator object at 0x7d4c038b19a0>, verb_extension=<colcon_core.verb.build.BuildVerb object at 0x7d4c038b15b0>, main=<bound method BuildVerb.main of <colcon_core.verb.build.BuildVerb object at 0x7d4c038b15b0>>, mixin_verb=('build',))
[0.224s] Level 1:colcon.colcon_core.package_discovery:discover_packages(colcon_meta) check parameters
[0.225s] Level 1:colcon.colcon_core.package_discovery:discover_packages(recursive) check parameters
[0.225s] Level 1:colcon.colcon_core.package_discovery:discover_packages(ignore) check parameters
[0.225s] Level 1:colcon.colcon_core.package_discovery:discover_packages(path) check parameters
[0.225s] Level 1:colcon.colcon_core.package_discovery:discover_packages(colcon_meta) discover
[0.225s] Level 1:colcon.colcon_core.package_discovery:discover_packages(recursive) discover
[0.225s] INFO:colcon.colcon_core.package_discovery:Crawling recursively for packages in '/home/artem/test_ws'
[0.225s] Level 1:colcon.colcon_core.package_identification:_identify(.) by extensions ['ignore', 'ignore_ament_install']
[0.225s] Level 1:colcon.colcon_core.package_identification:_identify(.) by extension 'ignore'
[0.225s] Level 1:colcon.colcon_core.package_identification:_identify(.) by extension 'ignore_ament_install'
[0.225s] Level 1:colcon.colcon_core.package_identification:_identify(.) by extensions ['colcon_pkg']
[0.225s] Level 1:colcon.colcon_core.package_identification:_identify(.) by extension 'colcon_pkg'
[0.225s] Level 1:colcon.colcon_core.package_identification:_identify(.) by extensions ['colcon_meta']
[0.225s] Level 1:colcon.colcon_core.package_identification:_identify(.) by extension 'colcon_meta'
[0.225s] Level 1:colcon.colcon_core.package_identification:_identify(.) by extensions ['ros']
[0.226s] Level 1:colcon.colcon_core.package_identification:_identify(.) by extension 'ros'
[0.265s] Level 1:colcon.colcon_core.package_identification:_identify(.) by extensions ['cmake', 'python']
[0.265s] Level 1:colcon.colcon_core.package_identification:_identify(.) by extension 'cmake'
[0.265s] Level 1:colcon.colcon_core.package_identification:_identify(.) by extension 'python'
[0.265s] Level 1:colcon.colcon_core.package_identification:_identify(.) by extensions ['python_setup_py']
[0.265s] Level 1:colcon.colcon_core.package_identification:_identify(.) by extension 'python_setup_py'
[0.265s] Level 1:colcon.colcon_core.package_identification:_identify(build) by extensions ['ignore', 'ignore_ament_install']
[0.265s] Level 1:colcon.colcon_core.package_identification:_identify(build) by extension 'ignore'
[0.265s] Level 1:colcon.colcon_core.package_identification:_identify(build) ignored
[0.265s] Level 1:colcon.colcon_core.package_identification:_identify(install) by extensions ['ignore', 'ignore_ament_install']
[0.266s] Level 1:colcon.colcon_core.package_identification:_identify(install) by extension 'ignore'
[0.266s] Level 1:colcon.colcon_core.package_identification:_identify(install) ignored
[0.266s] Level 1:colcon.colcon_core.package_identification:_identify(log) by extensions ['ignore', 'ignore_ament_install']
[0.266s] Level 1:colcon.colcon_core.package_identification:_identify(log) by extension 'ignore'
[0.266s] Level 1:colcon.colcon_core.package_identification:_identify(log) ignored
[0.266s] Level 1:colcon.colcon_core.package_identification:_identify(src) by extensions ['ignore', 'ignore_ament_install']
[0.266s] Level 1:colcon.colcon_core.package_identification:_identify(src) by extension 'ignore'
[0.266s] Level 1:colcon.colcon_core.package_identification:_identify(src) by extension 'ignore_ament_install'
[0.266s] Level 1:colcon.colcon_core.package_identification:_identify(src) by extensions ['colcon_pkg']
[0.266s] Level 1:colcon.colcon_core.package_identification:_identify(src) by extension 'colcon_pkg'
[0.266s] Level 1:colcon.colcon_core.package_identification:_identify(src) by extensions ['colcon_meta']
[0.266s] Level 1:colcon.colcon_core.package_identification:_identify(src) by extension 'colcon_meta'
[0.266s] Level 1:colcon.colcon_core.package_identification:_identify(src) by extensions ['ros']
[0.267s] Level 1:colcon.colcon_core.package_identification:_identify(src) by extension 'ros'
[0.267s] Level 1:colcon.colcon_core.package_identification:_identify(src) by extensions ['cmake', 'python']
[0.267s] Level 1:colcon.colcon_core.package_identification:_identify(src) by extension 'cmake'
[0.267s] Level 1:colcon.colcon_core.package_identification:_identify(src) by extension 'python'
[0.267s] Level 1:colcon.colcon_core.package_identification:_identify(src) by extensions ['python_setup_py']
[0.267s] Level 1:colcon.colcon_core.package_identification:_identify(src) by extension 'python_setup_py'
[0.267s] Level 1:colcon.colcon_core.package_identification:_identify(src/test_machine) by extensions ['ignore', 'ignore_ament_install']
[0.267s] Level 1:colcon.colcon_core.package_identification:_identify(src/test_machine) by extension 'ignore'
[0.267s] Level 1:colcon.colcon_core.package_identification:_identify(src/test_machine) by extension 'ignore_ament_install'
[0.267s] Level 1:colcon.colcon_core.package_identification:_identify(src/test_machine) by extensions ['colcon_pkg']
[0.267s] Level 1:colcon.colcon_core.package_identification:_identify(src/test_machine) by extension 'colcon_pkg'
[0.267s] Level 1:colcon.colcon_core.package_identification:_identify(src/test_machine) by extensions ['colcon_meta']
[0.267s] Level 1:colcon.colcon_core.package_identification:_identify(src/test_machine) by extension 'colcon_meta'
[0.268s] Level 1:colcon.colcon_core.package_identification:_identify(src/test_machine) by extensions ['ros']
[0.268s] Level 1:colcon.colcon_core.package_identification:_identify(src/test_machine) by extension 'ros'
[0.271s] DEBUG:colcon.colcon_core.package_identification:Package 'src/test_machine' with type 'ros.ament_cmake' and name 'test_machine'
[0.271s] Level 1:colcon.colcon_core.package_discovery:discover_packages(recursive) using defaults
[0.271s] Level 1:colcon.colcon_core.package_discovery:discover_packages(ignore) discover
[0.271s] Level 1:colcon.colcon_core.package_discovery:discover_packages(ignore) using defaults
[0.271s] Level 1:colcon.colcon_core.package_discovery:discover_packages(path) discover
[0.271s] Level 1:colcon.colcon_core.package_discovery:discover_packages(path) using defaults
[0.296s] Level 1:colcon.colcon_core.package_discovery:discover_packages(prefix_path) check parameters
[0.296s] Level 1:colcon.colcon_core.package_discovery:discover_packages(prefix_path) discover
[0.301s] DEBUG:colcon.colcon_installed_package_information.package_discovery:Found 364 installed packages in /opt/ros/jazzy
[0.304s] Level 1:colcon.colcon_core.package_discovery:discover_packages(prefix_path) using defaults
[0.403s] Level 5:colcon.colcon_core.verb:set package 'test_machine' build argument 'cmake_args' from command line to 'None'
[0.403s] Level 5:colcon.colcon_core.verb:set package 'test_machine' build argument 'cmake_target' from command line to 'None'
[0.403s] Level 5:colcon.colcon_core.verb:set package 'test_machine' build argument 'cmake_target_skip_unavailable' from command line to 'False'
[0.403s] Level 5:colcon.colcon_core.verb:set package 'test_machine' build argument 'cmake_clean_cache' from command line to 'False'
[0.403s] Level 5:colcon.colcon_core.verb:set package 'test_machine' build argument 'cmake_clean_first' from command line to 'False'
[0.403s] Level 5:colcon.colcon_core.verb:set package 'test_machine' build argument 'cmake_force_configure' from command line to 'False'
[0.403s] Level 5:colcon.colcon_core.verb:set package 'test_machine' build argument 'ament_cmake_args' from command line to 'None'
[0.403s] Level 5:colcon.colcon_core.verb:set package 'test_machine' build argument 'catkin_cmake_args' from command line to 'None'
[0.403s] Level 5:colcon.colcon_core.verb:set package 'test_machine' build argument 'catkin_skip_building_tests' from command line to 'False'
[0.403s] DEBUG:colcon.colcon_core.verb:Building package 'test_machine' with the following arguments: {'ament_cmake_args': None, 'build_base': '/home/artem/test_ws/build/test_machine', 'catkin_cmake_args': None, 'catkin_skip_building_tests': False, 'cmake_args': None, 'cmake_clean_cache': False, 'cmake_clean_first': False, 'cmake_force_configure': False, 'cmake_target': None, 'cmake_target_skip_unavailable': False, 'install_base': '/home/artem/test_ws/install/test_machine', 'merge_install': False, 'path': '/home/artem/test_ws/src/test_machine', 'symlink_install': True, 'test_result_base': None}
[0.403s] INFO:colcon.colcon_core.executor:Executing jobs using 'parallel' executor
[0.404s] DEBUG:colcon.colcon_parallel_executor.executor.parallel:run_until_complete
[0.405s] INFO:colcon.colcon_ros.task.ament_cmake.build:Building ROS package in '/home/artem/test_ws/src/test_machine' with build type 'ament_cmake'
[0.405s] INFO:colcon.colcon_cmake.task.cmake.build:Building CMake package in '/home/artem/test_ws/src/test_machine'
[0.408s] INFO:colcon.colcon_core.plugin_system:Skipping extension 'colcon_core.shell.bat': Not used on non-Windows systems
[0.409s] INFO:colcon.colcon_core.shell:Skip shell extension 'powershell' for command environment: Not usable outside of PowerShell
[0.409s] DEBUG:colcon.colcon_core.shell:Skip shell extension 'dsv' for command environment
[0.425s] DEBUG:colcon.colcon_core.event_handler.log_command:Invoking command in '/home/artem/test_ws/build/test_machine': CMAKE_PREFIX_PATH=${CMAKE_PREFIX_PATH}:/opt/ros/jazzy DEBUGINFOD_URLS=https://debuginfod.ubuntu.com /usr/bin/cmake /home/artem/test_ws/src/test_machine -DAMENT_CMAKE_SYMLINK_INSTALL=1 -DCMAKE_INSTALL_PREFIX=/home/artem/test_ws/install/test_machine
[1.725s] DEBUG:colcon.colcon_core.event_handler.log_command:Invoked command in '/home/artem/test_ws/build/test_machine' returned '0': CMAKE_PREFIX_PATH=${CMAKE_PREFIX_PATH}:/opt/ros/jazzy DEBUGINFOD_URLS=https://debuginfod.ubuntu.com /usr/bin/cmake /home/artem/test_ws/src/test_machine -DAMENT_CMAKE_SYMLINK_INSTALL=1 -DCMAKE_INSTALL_PREFIX=/home/artem/test_ws/install/test_machine
[1.727s] DEBUG:colcon.colcon_core.event_handler.log_command:Invoking command in '/home/artem/test_ws/build/test_machine': CMAKE_PREFIX_PATH=${CMAKE_PREFIX_PATH}:/opt/ros/jazzy DEBUGINFOD_URLS=https://debuginfod.ubuntu.com /usr/bin/cmake --build /home/artem/test_ws/build/test_machine -- -j8 -l8
[1.790s] DEBUG:colcon.colcon_core.event_handler.log_command:Invoked command in '/home/artem/test_ws/build/test_machine' returned '0': CMAKE_PREFIX_PATH=${CMAKE_PREFIX_PATH}:/opt/ros/jazzy DEBUGINFOD_URLS=https://debuginfod.ubuntu.com /usr/bin/cmake --build /home/artem/test_ws/build/test_machine -- -j8 -l8
[1.838s] DEBUG:colcon.colcon_core.event_handler.log_command:Invoking command in '/home/artem/test_ws/build/test_machine': CMAKE_PREFIX_PATH=${CMAKE_PREFIX_PATH}:/opt/ros/jazzy DEBUGINFOD_URLS=https://debuginfod.ubuntu.com /usr/bin/cmake --install /home/artem/test_ws/build/test_machine
[2.197s] Level 1:colcon.colcon_core.environment:create_environment_scripts_only(test_machine)
[2.198s] DEBUG:colcon.colcon_core.event_handler.log_command:Invoked command in '/home/artem/test_ws/build/test_machine' returned '0': CMAKE_PREFIX_PATH=${CMAKE_PREFIX_PATH}:/opt/ros/jazzy DEBUGINFOD_URLS=https://debuginfod.ubuntu.com /usr/bin/cmake --install /home/artem/test_ws/build/test_machine
[2.201s] Level 1:colcon.colcon_core.environment:checking '/home/artem/test_ws/install/test_machine' for CMake module files
[2.201s] Level 1:colcon.colcon_core.environment:checking '/home/artem/test_ws/install/test_machine' for CMake config files
[2.202s] Level 1:colcon.colcon_core.shell:create_environment_hook('test_machine', 'cmake_prefix_path')
[2.202s] INFO:colcon.colcon_core.shell:Creating environment hook '/home/artem/test_ws/install/test_machine/share/test_machine/hook/cmake_prefix_path.ps1'
[2.203s] INFO:colcon.colcon_core.shell:Creating environment descriptor '/home/artem/test_ws/install/test_machine/share/test_machine/hook/cmake_prefix_path.dsv'
[2.203s] INFO:colcon.colcon_core.shell:Creating environment hook '/home/artem/test_ws/install/test_machine/share/test_machine/hook/cmake_prefix_path.sh'
[2.204s] Level 1:colcon.colcon_core.environment:checking '/home/artem/test_ws/install/test_machine/bin'
[2.204s] Level 1:colcon.colcon_core.environment:checking '/home/artem/test_ws/install/test_machine/lib/pkgconfig/test_machine.pc'
[2.204s] Level 1:colcon.colcon_core.environment:checking '/home/artem/test_ws/install/test_machine/lib/python3.12/site-packages'
[2.205s] Level 1:colcon.colcon_core.environment:checking '/home/artem/test_ws/install/test_machine/bin'
[2.205s] INFO:colcon.colcon_core.shell:Creating package script '/home/artem/test_ws/install/test_machine/share/test_machine/package.ps1'
[2.206s] INFO:colcon.colcon_core.shell:Creating package descriptor '/home/artem/test_ws/install/test_machine/share/test_machine/package.dsv'
[2.207s] INFO:colcon.colcon_core.shell:Creating package script '/home/artem/test_ws/install/test_machine/share/test_machine/package.sh'
[2.208s] INFO:colcon.colcon_core.shell:Creating package script '/home/artem/test_ws/install/test_machine/share/test_machine/package.bash'
[2.209s] INFO:colcon.colcon_core.shell:Creating package script '/home/artem/test_ws/install/test_machine/share/test_machine/package.zsh'
[2.210s] Level 1:colcon.colcon_core.environment:create_file_with_runtime_dependencies(/home/artem/test_ws/install/test_machine/share/colcon-core/packages/test_machine)
[2.244s] Level 1:colcon.colcon_core.environment:create_environment_scripts_only(test_machine)
[2.244s] Level 1:colcon.colcon_core.environment:checking '/home/artem/test_ws/install/test_machine' for CMake module files
[2.246s] Level 1:colcon.colcon_core.environment:checking '/home/artem/test_ws/install/test_machine' for CMake config files
[2.246s] Level 1:colcon.colcon_core.shell:create_environment_hook('test_machine', 'cmake_prefix_path')
[2.247s] INFO:colcon.colcon_core.shell:Creating environment hook '/home/artem/test_ws/install/test_machine/share/test_machine/hook/cmake_prefix_path.ps1'
[2.247s] INFO:colcon.colcon_core.shell:Creating environment descriptor '/home/artem/test_ws/install/test_machine/share/test_machine/hook/cmake_prefix_path.dsv'
[2.248s] INFO:colcon.colcon_core.shell:Creating environment hook '/home/artem/test_ws/install/test_machine/share/test_machine/hook/cmake_prefix_path.sh'
[2.248s] Level 1:colcon.colcon_core.environment:checking '/home/artem/test_ws/install/test_machine/bin'
[2.248s] Level 1:colcon.colcon_core.environment:checking '/home/artem/test_ws/install/test_machine/lib/pkgconfig/test_machine.pc'
[2.249s] Level 1:colcon.colcon_core.environment:checking '/home/artem/test_ws/install/test_machine/lib/python3.12/site-packages'
[2.249s] Level 1:colcon.colcon_core.environment:checking '/home/artem/test_ws/install/test_machine/bin'
[2.250s] INFO:colcon.colcon_core.shell:Creating package script '/home/artem/test_ws/install/test_machine/share/test_machine/package.ps1'
[2.250s] INFO:colcon.colcon_core.shell:Creating package descriptor '/home/artem/test_ws/install/test_machine/share/test_machine/package.dsv'
[2.251s] INFO:colcon.colcon_core.shell:Creating package script '/home/artem/test_ws/install/test_machine/share/test_machine/package.sh'
[2.252s] INFO:colcon.colcon_core.shell:Creating package script '/home/artem/test_ws/install/test_machine/share/test_machine/package.bash'
[2.252s] INFO:colcon.colcon_core.shell:Creating package script '/home/artem/test_ws/install/test_machine/share/test_machine/package.zsh'
[2.253s] Level 1:colcon.colcon_core.environment:create_file_with_runtime_dependencies(/home/artem/test_ws/install/test_machine/share/colcon-core/packages/test_machine)
[2.253s] DEBUG:colcon.colcon_parallel_executor.executor.parallel:closing loop
[2.253s] DEBUG:colcon.colcon_parallel_executor.executor.parallel:loop closed
[2.254s] DEBUG:colcon.colcon_parallel_executor.executor.parallel:run_until_complete finished with '0'
[2.254s] DEBUG:colcon.colcon_core.event_reactor:joining thread
[2.261s] INFO:colcon.colcon_core.plugin_system:Skipping extension 'colcon_notification.desktop_notification.terminal_notifier': Not used on non-Darwin systems
[2.261s] INFO:colcon.colcon_core.plugin_system:Skipping extension 'colcon_notification.desktop_notification.win32': Not used on non-Windows systems
[2.262s] INFO:colcon.colcon_notification.desktop_notification:Sending desktop notification using 'notify2'
[2.477s] DEBUG:colcon.colcon_core.event_reactor:joined thread
[2.477s] INFO:colcon.colcon_core.shell:Creating prefix script '/home/artem/test_ws/install/local_setup.ps1'
[2.479s] INFO:colcon.colcon_core.shell:Creating prefix util module '/home/artem/test_ws/install/_local_setup_util_ps1.py'
[2.481s] INFO:colcon.colcon_core.shell:Creating prefix chain script '/home/artem/test_ws/install/setup.ps1'
[2.482s] INFO:colcon.colcon_core.shell:Creating prefix script '/home/artem/test_ws/install/local_setup.sh'
[2.483s] INFO:colcon.colcon_core.shell:Creating prefix util module '/home/artem/test_ws/install/_local_setup_util_sh.py'
[2.484s] INFO:colcon.colcon_core.shell:Creating prefix chain script '/home/artem/test_ws/install/setup.sh'
[2.485s] INFO:colcon.colcon_core.shell:Creating prefix script '/home/artem/test_ws/install/local_setup.bash'
[2.485s] INFO:colcon.colcon_core.shell:Creating prefix chain script '/home/artem/test_ws/install/setup.bash'
[2.486s] INFO:colcon.colcon_core.shell:Creating prefix script '/home/artem/test_ws/install/local_setup.zsh'
[2.487s] INFO:colcon.colcon_core.shell:Creating prefix chain script '/home/artem/test_ws/install/setup.zsh'
